Using pre-set license
Built from '2022.3/release' branch; Version is '2022.3.20f1 (61c2feb0970d) revision 6406910'; Using compiler version '192829333'; Build Type 'Release'
OS: 'Windows 11  (10.0.22631) 64bit Core' Language: 'fr' Physical Memory: 8000 MB
BatchMode: 1, IsHumanControllingUs: 0, StartBugReporterOnCrash: 0, Is64bit: 1, IsPro: 1

COMMAND LINE ARGUMENTS:
C:\Program Files\Unity\Hub\Editor\2022.3.20f1\Editor\Unity.exe
-adb2
-batchMode
-noUpm
-name
AssetImportWorker0
-projectPath
C:/Users/palom/Documents/JAMS/GameJamDesAudacieux.ses/Deck Unbuilder
-logFile
Logs/AssetImportWorker0.log
-srvPort
56818
Successfully changed project path to: C:/Users/palom/Documents/JAMS/GameJamDesAudacieux.ses/Deck Unbuilder
C:/Users/palom/Documents/JAMS/GameJamDesAudacieux.ses/Deck Unbuilder
[UnityMemory] Configuration Parameters - Can be set up in boot.config
    "memorysetup-bucket-allocator-granularity=16"
    "memorysetup-bucket-allocator-bucket-count=8"
    "memorysetup-bucket-allocator-block-size=33554432"
    "memorysetup-bucket-allocator-block-count=8"
    "memorysetup-main-allocator-block-size=16777216"
    "memorysetup-thread-allocator-block-size=16777216"
    "memorysetup-gfx-main-allocator-block-size=16777216"
    "memorysetup-gfx-thread-allocator-block-size=16777216"
    "memorysetup-cache-allocator-block-size=4194304"
    "memorysetup-typetree-allocator-block-size=2097152"
    "memorysetup-profiler-bucket-allocator-granularity=16"
    "memorysetup-profiler-bucket-allocator-bucket-count=8"
    "memorysetup-profiler-bucket-allocator-block-size=33554432"
    "memorysetup-profiler-bucket-allocator-block-count=8"
    "memorysetup-profiler-allocator-block-size=16777216"
    "memorysetup-profiler-editor-allocator-block-size=1048576"
    "memorysetup-temp-allocator-size-main=16777216"
    "memorysetup-job-temp-allocator-block-size=2097152"
    "memorysetup-job-temp-allocator-block-size-background=1048576"
    "memorysetup-job-temp-allocator-reduction-small-platforms=262144"
    "memorysetup-allocator-temp-initial-block-size-main=262144"
    "memorysetup-allocator-temp-initial-block-size-worker=262144"
    "memorysetup-temp-allocator-size-background-worker=32768"
    "memorysetup-temp-allocator-size-job-worker=262144"
    "memorysetup-temp-allocator-size-preload-manager=33554432"
    "memorysetup-temp-allocator-size-nav-mesh-worker=65536"
    "memorysetup-temp-allocator-size-audio-worker=65536"
    "memorysetup-temp-allocator-size-cloud-worker=32768"
    "memorysetup-temp-allocator-size-gi-baking-worker=262144"
    "memorysetup-temp-allocator-size-gfx=262144"
Player connection [22220] Host "[IP] 192.168.1.76 [Port] 0 [Flags] 2 [Guid] 4104505431 [EditorId] 4104505431 [Version] 1048832 [Id] WindowsEditor(7,LAPTOP-74ASDE3E) [Debug] 1 [PackageName] WindowsEditor [ProjectName] Editor" joined multi-casting on [225.0.0.222:54997]...

Player connection [22220] Host "[IP] 192.168.1.76 [Port] 0 [Flags] 2 [Guid] 4104505431 [EditorId] 4104505431 [Version] 1048832 [Id] WindowsEditor(7,LAPTOP-74ASDE3E) [Debug] 1 [PackageName] WindowsEditor [ProjectName] Editor" joined alternative multi-casting on [225.0.0.222:34997]...

[Physics::Module] Initialized MultithreadedJobDispatcher with 7 workers.
Refreshing native plugins compatible for Editor in 326.65 ms, found 5 plugins.
Preloading 0 native plugins for Editor in 0.00 ms.
Initialize engine version: 2022.3.20f1 (61c2feb0970d)
[Subsystems] Discovering subsystems at path C:/Program Files/Unity/Hub/Editor/2022.3.20f1/Editor/Data/Resources/UnitySubsystems
[Subsystems] Discovering subsystems at path C:/Users/palom/Documents/JAMS/GameJamDesAudacieux.ses/Deck Unbuilder/Assets
GfxDevice: creating device client; threaded=0; jobified=0
Direct3D:
    Version:  Direct3D 11.0 [level 11.1]
    Renderer: NVIDIA GeForce GTX 1650 (ID=0x1f91)
    Vendor:   NVIDIA
    VRAM:     3962 MB
    Driver:   30.0.15.1278
Initialize mono
Mono path[0] = 'C:/Program Files/Unity/Hub/Editor/2022.3.20f1/Editor/Data/Managed'
Mono path[1] = 'C:/Program Files/Unity/Hub/Editor/2022.3.20f1/Editor/Data/MonoBleedingEdge/lib/mono/unityjit-win32'
Mono config path = 'C:/Program Files/Unity/Hub/Editor/2022.3.20f1/Editor/Data/MonoBleedingEdge/etc'
Using monoOptions --debugger-agent=transport=dt_socket,embedding=1,server=y,suspend=n,address=127.0.0.1:56012
Begin MonoManager ReloadAssembly
Registering precompiled unity dll's ...
Register platform support module: C:/Program Files/Unity/Hub/Editor/2022.3.20f1/Editor/Data/PlaybackEngines/WindowsStandaloneSupport/UnityEditor.WindowsStandalone.Extensions.dll
Registered in 0.035835 seconds.
- Loaded All Assemblies, in  1.468 seconds
Native extension for WindowsStandalone target not found
Mono: successfully reloaded assembly
- Finished resetting the current domain, in  0.973 seconds
Domain Reload Profiling: 2435ms
	BeginReloadAssembly (580ms)
		ExecutionOrderSort (0ms)
		DisableScriptedObjects (0ms)
		BackupInstance (0ms)
		ReleaseScriptingObjects (0ms)
		CreateAndSetChildDomain (2ms)
	RebuildCommonClasses (139ms)
	RebuildNativeTypeToScriptingClass (36ms)
	initialDomainReloadingComplete (247ms)
	LoadAllAssembliesAndSetupDomain (459ms)
		LoadAssemblies (565ms)
		RebuildTransferFunctionScriptingTraits (0ms)
		AnalyzeDomain (451ms)
			TypeCache.Refresh (447ms)
				TypeCache.ScanAssembly (402ms)
			ScanForSourceGeneratedMonoScriptInfo (1ms)
			ResolveRequiredComponents (1ms)
	FinalizeReload (974ms)
		ReleaseScriptCaches (0ms)
		RebuildScriptCaches (0ms)
		SetupLoadedEditorAssemblies (785ms)
			LogAssemblyErrors (0ms)
			InitializePlatformSupportModulesInManaged (40ms)
			SetLoadedEditorAssemblies (33ms)
			RefreshPlugins (0ms)
			BeforeProcessingInitializeOnLoad (9ms)
			ProcessInitializeOnLoadAttributes (575ms)
			ProcessInitializeOnLoadMethodAttributes (128ms)
			AfterProcessingInitializeOnLoad (0ms)
			EditorAssembliesLoaded (0ms)
		ExecutionOrderSort2 (0ms)
		AwakeInstancesAfterBackupRestoration (0ms)
========================================================================
Worker process is ready to serve import requests
Begin MonoManager ReloadAssembly
- Loaded All Assemblies, in  2.342 seconds
Refreshing native plugins compatible for Editor in 90.39 ms, found 5 plugins.
Native extension for WindowsStandalone target not found
Package Manager log level set to [2]
[Package Manager] Server::EnsureServerProcessIsRunning -- launch failed, reason: Unity was launched with the -noUpm command-line argument
[Package Manager] UpmClient::Send -- Unable to send message (not connected to UPM process).
[Package Manager] Cannot connect to Unity Package Manager local server
Mono: successfully reloaded assembly
- Finished resetting the current domain, in  2.019 seconds
Domain Reload Profiling: 4357ms
	BeginReloadAssembly (563ms)
		ExecutionOrderSort (0ms)
		DisableScriptedObjects (17ms)
		BackupInstance (0ms)
		ReleaseScriptingObjects (0ms)
		CreateAndSetChildDomain (79ms)
	RebuildCommonClasses (125ms)
	RebuildNativeTypeToScriptingClass (35ms)
	initialDomainReloadingComplete (153ms)
	LoadAllAssembliesAndSetupDomain (1461ms)
		LoadAssemblies (1280ms)
		RebuildTransferFunctionScriptingTraits (0ms)
		AnalyzeDomain (533ms)
			TypeCache.Refresh (444ms)
				TypeCache.ScanAssembly (406ms)
			ScanForSourceGeneratedMonoScriptInfo (49ms)
			ResolveRequiredComponents (25ms)
	FinalizeReload (2020ms)
		ReleaseScriptCaches (0ms)
		RebuildScriptCaches (0ms)
		SetupLoadedEditorAssemblies (1459ms)
			LogAssemblyErrors (0ms)
			InitializePlatformSupportModulesInManaged (24ms)
			SetLoadedEditorAssemblies (10ms)
			RefreshPlugins (0ms)
			BeforeProcessingInitializeOnLoad (192ms)
			ProcessInitializeOnLoadAttributes (1106ms)
			ProcessInitializeOnLoadMethodAttributes (94ms)
			AfterProcessingInitializeOnLoad (32ms)
			EditorAssembliesLoaded (0ms)
		ExecutionOrderSort2 (0ms)
		AwakeInstancesAfterBackupRestoration (19ms)
Launched and connected shader compiler UnityShaderCompiler.exe after 0.12 seconds
Refreshing native plugins compatible for Editor in 65.23 ms, found 5 plugins.
Preloading 0 native plugins for Editor in 0.00 ms.
Unloading 3239 Unused Serialized files (Serialized files now loaded: 0)
Unloading 92 unused Assets / (89.0 KB). Loaded Objects now: 3641.
Memory consumption went from 127.6 MB to 127.5 MB.
Total: 7.078100 ms (FindLiveObjects: 0.652400 ms CreateObjectMapping: 0.377800 ms MarkObjects: 5.716500 ms  DeleteObjects: 0.329000 ms)

AssetImportParameters requested are different than current active one (requested -> active):
  custom:container-demuxer-ogg: 62fdf1f143b41e24485cea50d1cbac27 -> 
  custom:video-codec-MediaFoundation-h265: 746d11721c4dcdbdad8f713fa42b33f4 -> 
  custom:video-decoder-ogg-theora: a1e56fd34408186e4bbccfd4996cb3dc -> 
  custom:framework-win-MediaFoundation: 216162199b28c13a410421893ffa2e32 -> 
  custom:CustomObjectIndexerAttribute: 6d391050e5a25f67b0a2c618074f2cd9 -> 
  custom:container-demuxer-webm: 4f35f7cbe854078d1ac9338744f61a02 -> 
  custom:container-muxer-webm: aa71ff27fc2769a1b78a27578f13a17b -> 
  custom:video-decoder-webm-vp8: 9c59270c3fd7afecdb556c50c9e8de78 -> 
  custom:SearchIndexIgnoredProperties: e643bd26f0fe6173181afceb89e7c659 -> 
  custom:AudioImporter_EditorPlatform: d09bf68614088b80899f8185d706f6e7 -> 
  custom:video-encoder-webm-vp8: eb34c28f22e8b96e1ab97ce403110664 -> 
  custom:audio-decoder-ogg-vorbis: bf7c407c2cedff20999df2af8eb42d56 -> 
  custom:audio-encoder-webm-vorbis: bf7c407c2cedff20999df2af8eb42d56 -> 
========================================================================
Received Import Request.
  Time since last request: 1001542.118422 seconds.
  path: Assets/Level/Prefabs/Card 1.prefab
  artifactKey: Guid(b50b7c1467b46114d82f6a74698de58f) Importer(815301076,1909f56bfc062723c751e8b465ee728b)
Start importing Assets/Level/Prefabs/Card 1.prefab using Guid(b50b7c1467b46114d82f6a74698de58f) Importer(815301076,1909f56bfc062723c751e8b465ee728b)  -> (artifact id: '84573309c495f911e9e9dd8a6905779c') in 0.193818 seconds
Number of updated asset objects reloaded before import = 0
Number of asset objects unloaded after import = 30
========================================================================
Received Import Request.
  Time since last request: 12.844636 seconds.
  path: Assets/Level/Prefabs/CardEnd.prefab
  artifactKey: Guid(b50b7c1467b46114d82f6a74698de58f) Importer(815301076,1909f56bfc062723c751e8b465ee728b)
Start importing Assets/Level/Prefabs/CardEnd.prefab using Guid(b50b7c1467b46114d82f6a74698de58f) Importer(815301076,1909f56bfc062723c751e8b465ee728b)  -> (artifact id: '300f92a680e6340869136f001efe1be6') in 0.049007 seconds
Number of updated asset objects reloaded before import = 0
Number of asset objects unloaded after import = 30
========================================================================
Received Import Request.
  Time since last request: 21.976311 seconds.
  path: Assets/Level/Prefabs/CardEnd.prefab
  artifactKey: Guid(b50b7c1467b46114d82f6a74698de58f) Importer(815301076,1909f56bfc062723c751e8b465ee728b)
Start importing Assets/Level/Prefabs/CardEnd.prefab using Guid(b50b7c1467b46114d82f6a74698de58f) Importer(815301076,1909f56bfc062723c751e8b465ee728b)  -> (artifact id: '96ce8e8ecfddec0471364b716592f420') in 0.047616 seconds
Number of updated asset objects reloaded before import = 0
Number of asset objects unloaded after import = 30
========================================================================
Received Import Request.
  Time since last request: 0.434856 seconds.
  path: Assets/Level/Prefabs/CardEnd.prefab
  artifactKey: Guid(b50b7c1467b46114d82f6a74698de58f) Importer(815301076,1909f56bfc062723c751e8b465ee728b)
Start importing Assets/Level/Prefabs/CardEnd.prefab using Guid(b50b7c1467b46114d82f6a74698de58f) Importer(815301076,1909f56bfc062723c751e8b465ee728b)  -> (artifact id: 'c5d1971ecffd918ce1a6c8cee40f8557') in 0.049385 seconds
Number of updated asset objects reloaded before import = 0
Number of asset objects unloaded after import = 30
========================================================================
Received Import Request.
  Time since last request: 4.792469 seconds.
  path: Assets/Level/Prefabs/CardEnd.prefab
  artifactKey: Guid(b50b7c1467b46114d82f6a74698de58f) Importer(815301076,1909f56bfc062723c751e8b465ee728b)
Start importing Assets/Level/Prefabs/CardEnd.prefab using Guid(b50b7c1467b46114d82f6a74698de58f) Importer(815301076,1909f56bfc062723c751e8b465ee728b)  -> (artifact id: 'e8950cba348ce0e4f0b40d4d3c5e094b') in 0.048372 seconds
Number of updated asset objects reloaded before import = 0
Number of asset objects unloaded after import = 26
========================================================================
Received Import Request.
  Time since last request: 14.505451 seconds.
  path: Assets/Level/Prefabs/CardEnd.prefab
  artifactKey: Guid(b50b7c1467b46114d82f6a74698de58f) Importer(815301076,1909f56bfc062723c751e8b465ee728b)
Start importing Assets/Level/Prefabs/CardEnd.prefab using Guid(b50b7c1467b46114d82f6a74698de58f) Importer(815301076,1909f56bfc062723c751e8b465ee728b)  -> (artifact id: 'dfb966715df41af3faaf94ddb52bdfea') in 0.049565 seconds
Number of updated asset objects reloaded before import = 0
Number of asset objects unloaded after import = 26
========================================================================
Received Import Request.
  Time since last request: 6.093110 seconds.
  path: Assets/Level/Prefabs/CardEnd.prefab
  artifactKey: Guid(b50b7c1467b46114d82f6a74698de58f) Importer(815301076,1909f56bfc062723c751e8b465ee728b)
Start importing Assets/Level/Prefabs/CardEnd.prefab using Guid(b50b7c1467b46114d82f6a74698de58f) Importer(815301076,1909f56bfc062723c751e8b465ee728b)  -> (artifact id: '5ee3d60a3c710d6ed1812b300aa30d20') in 0.049141 seconds
Number of updated asset objects reloaded before import = 0
Number of asset objects unloaded after import = 30
========================================================================
Received Import Request.
  Time since last request: 4.035722 seconds.
  path: Assets/Level/Prefabs/CardEnd.prefab
  artifactKey: Guid(b50b7c1467b46114d82f6a74698de58f) Importer(815301076,1909f56bfc062723c751e8b465ee728b)
Start importing Assets/Level/Prefabs/CardEnd.prefab using Guid(b50b7c1467b46114d82f6a74698de58f) Importer(815301076,1909f56bfc062723c751e8b465ee728b)  -> (artifact id: '9e6caf5378d56b94fc4b38dc5a4d2399') in 0.052886 seconds
Number of updated asset objects reloaded before import = 0
Number of asset objects unloaded after import = 30
========================================================================
Received Import Request.
  Time since last request: 3.680188 seconds.
  path: Assets/Level/Prefabs/CardEnd.prefab
  artifactKey: Guid(b50b7c1467b46114d82f6a74698de58f) Importer(815301076,1909f56bfc062723c751e8b465ee728b)
Start importing Assets/Level/Prefabs/CardEnd.prefab using Guid(b50b7c1467b46114d82f6a74698de58f) Importer(815301076,1909f56bfc062723c751e8b465ee728b)  -> (artifact id: '869c02f33ca728e2d58438bd701dfda2') in 0.049287 seconds
Number of updated asset objects reloaded before import = 0
Number of asset objects unloaded after import = 30
========================================================================
Received Import Request.
  Time since last request: 3.231492 seconds.
  path: Assets/Level/Prefabs/CardEnd.prefab
  artifactKey: Guid(b50b7c1467b46114d82f6a74698de58f) Importer(815301076,1909f56bfc062723c751e8b465ee728b)
Start importing Assets/Level/Prefabs/CardEnd.prefab using Guid(b50b7c1467b46114d82f6a74698de58f) Importer(815301076,1909f56bfc062723c751e8b465ee728b)  -> (artifact id: '1ac7f01016a2305fa1ce070aaa646e85') in 0.051261 seconds
Number of updated asset objects reloaded before import = 0
Number of asset objects unloaded after import = 30
========================================================================
Received Import Request.
  Time since last request: 3.591734 seconds.
  path: Assets/Level/Prefabs/CardEnd.prefab
  artifactKey: Guid(b50b7c1467b46114d82f6a74698de58f) Importer(815301076,1909f56bfc062723c751e8b465ee728b)
Start importing Assets/Level/Prefabs/CardEnd.prefab using Guid(b50b7c1467b46114d82f6a74698de58f) Importer(815301076,1909f56bfc062723c751e8b465ee728b)  -> (artifact id: '9b9b768ea61dfd2c27fef2b5922d4965') in 0.052233 seconds
Number of updated asset objects reloaded before import = 0
Number of asset objects unloaded after import = 30
========================================================================
Received Import Request.
  Time since last request: 8.525248 seconds.
  path: Assets/Level/Prefabs/CardEnd 1.prefab
  artifactKey: Guid(dd4397e9f18f24548b45235ec37f64cd) Importer(815301076,1909f56bfc062723c751e8b465ee728b)
Start importing Assets/Level/Prefabs/CardEnd 1.prefab using Guid(dd4397e9f18f24548b45235ec37f64cd) Importer(815301076,1909f56bfc062723c751e8b465ee728b)  -> (artifact id: '0119cda2ed5ea1f7eef635f44811bd61') in 0.050525 seconds
Number of updated asset objects reloaded before import = 0
Number of asset objects unloaded after import = 30
========================================================================
Received Import Request.
  Time since last request: 146.365846 seconds.
  path: Assets/Level/Prefabs/CardKeepTalking.prefab
  artifactKey: Guid(dd4397e9f18f24548b45235ec37f64cd) Importer(815301076,1909f56bfc062723c751e8b465ee728b)
Start importing Assets/Level/Prefabs/CardKeepTalking.prefab using Guid(dd4397e9f18f24548b45235ec37f64cd) Importer(815301076,1909f56bfc062723c751e8b465ee728b)  -> (artifact id: '9ed60d3d85f91a907d413a1b22bdcf61') in 0.048362 seconds
Number of updated asset objects reloaded before import = 0
Number of asset objects unloaded after import = 30
========================================================================
Received Import Request.
  Time since last request: 48.222891 seconds.
  path: Assets/Level/Prefabs/CardEnd.prefab
  artifactKey: Guid(b50b7c1467b46114d82f6a74698de58f) Importer(815301076,1909f56bfc062723c751e8b465ee728b)
Start importing Assets/Level/Prefabs/CardEnd.prefab using Guid(b50b7c1467b46114d82f6a74698de58f) Importer(815301076,1909f56bfc062723c751e8b465ee728b)  -> (artifact id: '4d467336f6592aab33a0d3d5ef3b5abf') in 0.050228 seconds
Number of updated asset objects reloaded before import = 0
Number of asset objects unloaded after import = 30
========================================================================
Received Import Request.
  Time since last request: 18.940214 seconds.
  path: Assets/Level/Prefabs/CardEnd.prefab
  artifactKey: Guid(b50b7c1467b46114d82f6a74698de58f) Importer(815301076,1909f56bfc062723c751e8b465ee728b)
Start importing Assets/Level/Prefabs/CardEnd.prefab using Guid(b50b7c1467b46114d82f6a74698de58f) Importer(815301076,1909f56bfc062723c751e8b465ee728b)  -> (artifact id: '582e798233393010536fe0de369835eb') in 0.052462 seconds
Number of updated asset objects reloaded before import = 0
Number of asset objects unloaded after import = 30
========================================================================
Received Import Request.
  Time since last request: 28.895506 seconds.
  path: Assets/Level/Prefabs/CardEnd.prefab
  artifactKey: Guid(b50b7c1467b46114d82f6a74698de58f) Importer(815301076,1909f56bfc062723c751e8b465ee728b)
Start importing Assets/Level/Prefabs/CardEnd.prefab using Guid(b50b7c1467b46114d82f6a74698de58f) Importer(815301076,1909f56bfc062723c751e8b465ee728b)  -> (artifact id: '9ce1a55384d0ff9d0638a252abb45c6c') in 0.051395 seconds
Number of updated asset objects reloaded before import = 0
Number of asset objects unloaded after import = 30
========================================================================
Received Import Request.
  Time since last request: 18.722781 seconds.
  path: Assets/Level/Prefabs/CardKeepTalking.prefab
  artifactKey: Guid(dd4397e9f18f24548b45235ec37f64cd) Importer(815301076,1909f56bfc062723c751e8b465ee728b)
Start importing Assets/Level/Prefabs/CardKeepTalking.prefab using Guid(dd4397e9f18f24548b45235ec37f64cd) Importer(815301076,1909f56bfc062723c751e8b465ee728b)  -> (artifact id: 'a7ad3b79d004680af95e8f82170e911c') in 0.047051 seconds
Number of updated asset objects reloaded before import = 0
Number of asset objects unloaded after import = 30
========================================================================
Received Import Request.
  Time since last request: 2.012518 seconds.
  path: Assets/Level/Prefabs/CardKeepTalking.prefab
  artifactKey: Guid(dd4397e9f18f24548b45235ec37f64cd) Importer(815301076,1909f56bfc062723c751e8b465ee728b)
Start importing Assets/Level/Prefabs/CardKeepTalking.prefab using Guid(dd4397e9f18f24548b45235ec37f64cd) Importer(815301076,1909f56bfc062723c751e8b465ee728b)  -> (artifact id: 'c644c486f7e75c1fbd25cd4578f1ce1c') in 0.047678 seconds
Number of updated asset objects reloaded before import = 0
Number of asset objects unloaded after import = 30
========================================================================
Received Import Request.
  Time since last request: 1.815998 seconds.
  path: Assets/Level/Prefabs/CardKeepTalking.prefab
  artifactKey: Guid(dd4397e9f18f24548b45235ec37f64cd) Importer(815301076,1909f56bfc062723c751e8b465ee728b)
Start importing Assets/Level/Prefabs/CardKeepTalking.prefab using Guid(dd4397e9f18f24548b45235ec37f64cd) Importer(815301076,1909f56bfc062723c751e8b465ee728b)  -> (artifact id: '6738037fc0139da40d55ae57c774683f') in 0.047369 seconds
Number of updated asset objects reloaded before import = 0
Number of asset objects unloaded after import = 30
========================================================================
Received Import Request.
  Time since last request: 3.219609 seconds.
  path: Assets/Level/Prefabs/CardKeepTalking.prefab
  artifactKey: Guid(dd4397e9f18f24548b45235ec37f64cd) Importer(815301076,1909f56bfc062723c751e8b465ee728b)
Start importing Assets/Level/Prefabs/CardKeepTalking.prefab using Guid(dd4397e9f18f24548b45235ec37f64cd) Importer(815301076,1909f56bfc062723c751e8b465ee728b)  -> (artifact id: '5faef6418126dd8f503862265790f747') in 0.047467 seconds
Number of updated asset objects reloaded before import = 0
Number of asset objects unloaded after import = 30
========================================================================
Received Import Request.
  Time since last request: 1.616741 seconds.
  path: Assets/Level/Prefabs/CardKeepTalking.prefab
  artifactKey: Guid(dd4397e9f18f24548b45235ec37f64cd) Importer(815301076,1909f56bfc062723c751e8b465ee728b)
Start importing Assets/Level/Prefabs/CardKeepTalking.prefab using Guid(dd4397e9f18f24548b45235ec37f64cd) Importer(815301076,1909f56bfc062723c751e8b465ee728b)  -> (artifact id: '9011fb0bfcf2f898a3f66be488ef9356') in 0.043565 seconds
Number of updated asset objects reloaded before import = 0
Number of asset objects unloaded after import = 30
========================================================================
Received Import Request.
  Time since last request: 1.437483 seconds.
  path: Assets/Level/Prefabs/CardKeepTalking.prefab
  artifactKey: Guid(dd4397e9f18f24548b45235ec37f64cd) Importer(815301076,1909f56bfc062723c751e8b465ee728b)
Start importing Assets/Level/Prefabs/CardKeepTalking.prefab using Guid(dd4397e9f18f24548b45235ec37f64cd) Importer(815301076,1909f56bfc062723c751e8b465ee728b)  -> (artifact id: 'cb1926b6a7bcd97982292281b78e049b') in 0.047492 seconds
Number of updated asset objects reloaded before import = 0
Number of asset objects unloaded after import = 30
========================================================================
Received Import Request.
  Time since last request: 0.376004 seconds.
  path: Assets/Level/Prefabs/CardKeepTalking.prefab
  artifactKey: Guid(dd4397e9f18f24548b45235ec37f64cd) Importer(815301076,1909f56bfc062723c751e8b465ee728b)
Start importing Assets/Level/Prefabs/CardKeepTalking.prefab using Guid(dd4397e9f18f24548b45235ec37f64cd) Importer(815301076,1909f56bfc062723c751e8b465ee728b)  -> (artifact id: '8d5ddbb3557bb661c684b967b626d4a5') in 0.045193 seconds
Number of updated asset objects reloaded before import = 0
Number of asset objects unloaded after import = 30
========================================================================
Received Import Request.
  Time since last request: 25.108578 seconds.
  path: Assets/Level/Prefabs/CardKeepTalking.prefab
  artifactKey: Guid(dd4397e9f18f24548b45235ec37f64cd) Importer(815301076,1909f56bfc062723c751e8b465ee728b)
Start importing Assets/Level/Prefabs/CardKeepTalking.prefab using Guid(dd4397e9f18f24548b45235ec37f64cd) Importer(815301076,1909f56bfc062723c751e8b465ee728b)  -> (artifact id: '76ef685a59392161d207d799765c68f1') in 0.055413 seconds
Number of updated asset objects reloaded before import = 0
Number of asset objects unloaded after import = 30
========================================================================
Received Import Request.
  Time since last request: 22.366962 seconds.
  path: Assets/Level/Prefabs/CardKeepTalking.prefab
  artifactKey: Guid(dd4397e9f18f24548b45235ec37f64cd) Importer(815301076,1909f56bfc062723c751e8b465ee728b)
Start importing Assets/Level/Prefabs/CardKeepTalking.prefab using Guid(dd4397e9f18f24548b45235ec37f64cd) Importer(815301076,1909f56bfc062723c751e8b465ee728b)  -> (artifact id: '75b7365b7df68781c72090b1406c8d0a') in 0.042717 seconds
Number of updated asset objects reloaded before import = 0
Number of asset objects unloaded after import = 30
========================================================================
Received Import Request.
  Time since last request: 18.192418 seconds.
  path: Assets/Level/Prefabs/CardEnd 1.prefab
  artifactKey: Guid(af9499b23616ece4785b4da1884d9781) Importer(815301076,1909f56bfc062723c751e8b465ee728b)
Start importing Assets/Level/Prefabs/CardEnd 1.prefab using Guid(af9499b23616ece4785b4da1884d9781) Importer(815301076,1909f56bfc062723c751e8b465ee728b)  -> (artifact id: '8a637d08a9ee86d569c5a0ec8b8e1d1b') in 0.039827 seconds
Number of updated asset objects reloaded before import = 0
Number of asset objects unloaded after import = 30
========================================================================
Received Import Request.
  Time since last request: 18.290324 seconds.
  path: Assets/Level/Prefabs/CardGuilt.prefab
  artifactKey: Guid(af9499b23616ece4785b4da1884d9781) Importer(815301076,1909f56bfc062723c751e8b465ee728b)
Start importing Assets/Level/Prefabs/CardGuilt.prefab using Guid(af9499b23616ece4785b4da1884d9781) Importer(815301076,1909f56bfc062723c751e8b465ee728b)  -> (artifact id: '36c8e0b617a89e7c1a1557fe8c38f28d') in 0.046572 seconds
Number of updated asset objects reloaded before import = 0
Number of asset objects unloaded after import = 30
========================================================================
Received Import Request.
  Time since last request: 5.573151 seconds.
  path: Assets/Level/Prefabs/CardGuilt.prefab
  artifactKey: Guid(af9499b23616ece4785b4da1884d9781) Importer(815301076,1909f56bfc062723c751e8b465ee728b)
Start importing Assets/Level/Prefabs/CardGuilt.prefab using Guid(af9499b23616ece4785b4da1884d9781) Importer(815301076,1909f56bfc062723c751e8b465ee728b)  -> (artifact id: 'c0fe3d3aa88405c6e693ea8759e4c08c') in 0.053423 seconds
Number of updated asset objects reloaded before import = 0
Number of asset objects unloaded after import = 30
========================================================================
Received Import Request.
  Time since last request: 49.594843 seconds.
  path: Assets/Level/Prefabs/CardGuilt.prefab
  artifactKey: Guid(af9499b23616ece4785b4da1884d9781) Importer(815301076,1909f56bfc062723c751e8b465ee728b)
Start importing Assets/Level/Prefabs/CardGuilt.prefab using Guid(af9499b23616ece4785b4da1884d9781) Importer(815301076,1909f56bfc062723c751e8b465ee728b)  -> (artifact id: 'bdf189b346df4e0db30b62d9cd3a6c45') in 0.061349 seconds
Number of updated asset objects reloaded before import = 0
Number of asset objects unloaded after import = 30
========================================================================
Received Import Request.
  Time since last request: 7.680131 seconds.
  path: Assets/Level/Prefabs/CardGuilt 1.prefab
  artifactKey: Guid(b67c5de089622db48a6f56c7dfe5fc2a) Importer(815301076,1909f56bfc062723c751e8b465ee728b)
Start importing Assets/Level/Prefabs/CardGuilt 1.prefab using Guid(b67c5de089622db48a6f56c7dfe5fc2a) Importer(815301076,1909f56bfc062723c751e8b465ee728b)  -> (artifact id: '6e2dc909eca7d01ce7a54af09abbcfc4') in 0.042322 seconds
Number of updated asset objects reloaded before import = 0
Number of asset objects unloaded after import = 30
========================================================================
Received Import Request.
  Time since last request: 8.670383 seconds.
  path: Assets/Level/Prefabs/CardDeny.prefab
  artifactKey: Guid(b67c5de089622db48a6f56c7dfe5fc2a) Importer(815301076,1909f56bfc062723c751e8b465ee728b)
Start importing Assets/Level/Prefabs/CardDeny.prefab using Guid(b67c5de089622db48a6f56c7dfe5fc2a) Importer(815301076,1909f56bfc062723c751e8b465ee728b)  -> (artifact id: '2819edd6b12b1f8e8eb32510d1395e71') in 0.049154 seconds
Number of updated asset objects reloaded before import = 0
Number of asset objects unloaded after import = 30
========================================================================
Received Import Request.
  Time since last request: 33.601554 seconds.
  path: Assets/Level/Prefabs/CardDeny.prefab
  artifactKey: Guid(b67c5de089622db48a6f56c7dfe5fc2a) Importer(815301076,1909f56bfc062723c751e8b465ee728b)
Start importing Assets/Level/Prefabs/CardDeny.prefab using Guid(b67c5de089622db48a6f56c7dfe5fc2a) Importer(815301076,1909f56bfc062723c751e8b465ee728b)  -> (artifact id: 'e8ef2e56a34caae9a46c24f65239970b') in 0.050688 seconds
Number of updated asset objects reloaded before import = 0
Number of asset objects unloaded after import = 30
========================================================================
Received Import Request.
  Time since last request: 5.611304 seconds.
  path: Assets/Level/Prefabs/CardDeny 1.prefab
  artifactKey: Guid(b1975919acb1d3a4aa5f16d7a9fdfc45) Importer(815301076,1909f56bfc062723c751e8b465ee728b)
Start importing Assets/Level/Prefabs/CardDeny 1.prefab using Guid(b1975919acb1d3a4aa5f16d7a9fdfc45) Importer(815301076,1909f56bfc062723c751e8b465ee728b)  -> (artifact id: '43abdb560ef86d4935dea31a05dd87b3') in 0.051475 seconds
Number of updated asset objects reloaded before import = 0
Number of asset objects unloaded after import = 30
========================================================================
Received Import Request.
  Time since last request: 14.476193 seconds.
  path: Assets/Level/Prefabs/CardTruth.prefab
  artifactKey: Guid(b1975919acb1d3a4aa5f16d7a9fdfc45) Importer(815301076,1909f56bfc062723c751e8b465ee728b)
Start importing Assets/Level/Prefabs/CardTruth.prefab using Guid(b1975919acb1d3a4aa5f16d7a9fdfc45) Importer(815301076,1909f56bfc062723c751e8b465ee728b)  -> (artifact id: 'd40a7c3c317f8e446baea0e79b49b35f') in 0.039858 seconds
Number of updated asset objects reloaded before import = 0
Number of asset objects unloaded after import = 30
========================================================================
Received Import Request.
  Time since last request: 22.015367 seconds.
  path: Assets/Level/Prefabs/CardTruth.prefab
  artifactKey: Guid(b1975919acb1d3a4aa5f16d7a9fdfc45) Importer(815301076,1909f56bfc062723c751e8b465ee728b)
Start importing Assets/Level/Prefabs/CardTruth.prefab using Guid(b1975919acb1d3a4aa5f16d7a9fdfc45) Importer(815301076,1909f56bfc062723c751e8b465ee728b)  -> (artifact id: '097465e821a1fa04e3a0f20dd39ef61a') in 0.054146 seconds
Number of updated asset objects reloaded before import = 0
Number of asset objects unloaded after import = 30
========================================================================
Received Import Request.
  Time since last request: 10.538751 seconds.
  path: Assets/Level/Prefabs/CardTruth.prefab
  artifactKey: Guid(b1975919acb1d3a4aa5f16d7a9fdfc45) Importer(815301076,1909f56bfc062723c751e8b465ee728b)
Start importing Assets/Level/Prefabs/CardTruth.prefab using Guid(b1975919acb1d3a4aa5f16d7a9fdfc45) Importer(815301076,1909f56bfc062723c751e8b465ee728b)  -> (artifact id: '6fb2da63c1a644e4cdac07bf1b77a4ad') in 0.046828 seconds
Number of updated asset objects reloaded before import = 0
Number of asset objects unloaded after import = 30
========================================================================
Received Import Request.
  Time since last request: 8.375460 seconds.
  path: Assets/Level/Prefabs/CardTruth 1.prefab
  artifactKey: Guid(2c13b295fdd993646b318ce9b49a9b14) Importer(815301076,1909f56bfc062723c751e8b465ee728b)
Start importing Assets/Level/Prefabs/CardTruth 1.prefab using Guid(2c13b295fdd993646b318ce9b49a9b14) Importer(815301076,1909f56bfc062723c751e8b465ee728b)  -> (artifact id: 'ddb993ab65a1b503538511773a38fe52') in 0.038757 seconds
Number of updated asset objects reloaded before import = 0
Number of asset objects unloaded after import = 30
========================================================================
Received Import Request.
  Time since last request: 805.998502 seconds.
  path: Assets/Level/Prefabs/CardSutUp.prefab
  artifactKey: Guid(2c13b295fdd993646b318ce9b49a9b14) Importer(815301076,1909f56bfc062723c751e8b465ee728b)
Start importing Assets/Level/Prefabs/CardSutUp.prefab using Guid(2c13b295fdd993646b318ce9b49a9b14) Importer(815301076,1909f56bfc062723c751e8b465ee728b)  -> (artifact id: '6879afa71f7dbd9dd2d5f6fe7d9eb24e') in 0.045987 seconds
Number of updated asset objects reloaded before import = 0
Number of asset objects unloaded after import = 30
========================================================================
Received Import Request.
  Time since last request: 28.584631 seconds.
  path: Assets/Level/Prefabs/CardSutUp.prefab
  artifactKey: Guid(2c13b295fdd993646b318ce9b49a9b14) Importer(815301076,1909f56bfc062723c751e8b465ee728b)
Start importing Assets/Level/Prefabs/CardSutUp.prefab using Guid(2c13b295fdd993646b318ce9b49a9b14) Importer(815301076,1909f56bfc062723c751e8b465ee728b)  -> (artifact id: 'b36939f209502596c992251bec412b1c') in 0.051586 seconds
Number of updated asset objects reloaded before import = 0
Number of asset objects unloaded after import = 30
========================================================================
Received Import Request.
  Time since last request: 25.530430 seconds.
  path: Assets/Level/Prefabs/CardSutUp.prefab
  artifactKey: Guid(2c13b295fdd993646b318ce9b49a9b14) Importer(815301076,1909f56bfc062723c751e8b465ee728b)
Start importing Assets/Level/Prefabs/CardSutUp.prefab using Guid(2c13b295fdd993646b318ce9b49a9b14) Importer(815301076,1909f56bfc062723c751e8b465ee728b)  -> (artifact id: 'b3356ebb6d45dbe2268f98e95ddfb0da') in 0.055512 seconds
Number of updated asset objects reloaded before import = 0
Number of asset objects unloaded after import = 30
========================================================================
Received Import Request.
  Time since last request: 30.854081 seconds.
  path: Assets/Level/Prefabs/CardShutUp.prefab
  artifactKey: Guid(2c13b295fdd993646b318ce9b49a9b14) Importer(815301076,1909f56bfc062723c751e8b465ee728b)
Start importing Assets/Level/Prefabs/CardShutUp.prefab using Guid(2c13b295fdd993646b318ce9b49a9b14) Importer(815301076,1909f56bfc062723c751e8b465ee728b)  -> (artifact id: 'a6335b34431ef0f41ba26069fdc6760a') in 0.043972 seconds
Number of updated asset objects reloaded before import = 0
Number of asset objects unloaded after import = 30
========================================================================
Received Import Request.
  Time since last request: 2.340097 seconds.
  path: Assets/Level/Prefabs/CardShutUp 1.prefab
  artifactKey: Guid(b9ebe97b0cecbbb4c94dd913e2f6f7be) Importer(815301076,1909f56bfc062723c751e8b465ee728b)
Start importing Assets/Level/Prefabs/CardShutUp 1.prefab using Guid(b9ebe97b0cecbbb4c94dd913e2f6f7be) Importer(815301076,1909f56bfc062723c751e8b465ee728b)  -> (artifact id: '442b212577c1966c6f6b6982d2a608f2') in 0.045760 seconds
Number of updated asset objects reloaded before import = 0
Number of asset objects unloaded after import = 30
========================================================================
Received Import Request.
  Time since last request: 7.356946 seconds.
  path: Assets/Level/Prefabs/CardOpinion.prefab
  artifactKey: Guid(b9ebe97b0cecbbb4c94dd913e2f6f7be) Importer(815301076,1909f56bfc062723c751e8b465ee728b)
Start importing Assets/Level/Prefabs/CardOpinion.prefab using Guid(b9ebe97b0cecbbb4c94dd913e2f6f7be) Importer(815301076,1909f56bfc062723c751e8b465ee728b)  -> (artifact id: 'd90c0f91a18f8f0aa167b117bd3e6a53') in 0.042535 seconds
Number of updated asset objects reloaded before import = 0
Number of asset objects unloaded after import = 30
========================================================================
Received Import Request.
  Time since last request: 17.213460 seconds.
  path: Assets/Level/Prefabs/CardOpinion.prefab
  artifactKey: Guid(b9ebe97b0cecbbb4c94dd913e2f6f7be) Importer(815301076,1909f56bfc062723c751e8b465ee728b)
Start importing Assets/Level/Prefabs/CardOpinion.prefab using Guid(b9ebe97b0cecbbb4c94dd913e2f6f7be) Importer(815301076,1909f56bfc062723c751e8b465ee728b)  -> (artifact id: 'e127cbc9f27063baf7d98d6d6861e460') in 0.046957 seconds
Number of updated asset objects reloaded before import = 0
Number of asset objects unloaded after import = 30
========================================================================
Received Import Request.
  Time since last request: 14.288419 seconds.
  path: Assets/Level/Prefabs/CardOpinion.prefab
  artifactKey: Guid(b9ebe97b0cecbbb4c94dd913e2f6f7be) Importer(815301076,1909f56bfc062723c751e8b465ee728b)
Start importing Assets/Level/Prefabs/CardOpinion.prefab using Guid(b9ebe97b0cecbbb4c94dd913e2f6f7be) Importer(815301076,1909f56bfc062723c751e8b465ee728b)  -> (artifact id: '1cbbe68a960e7cd81aa53146999b266c') in 0.054041 seconds
Number of updated asset objects reloaded before import = 0
Number of asset objects unloaded after import = 30
========================================================================
Received Import Request.
  Time since last request: 3.359980 seconds.
  path: Assets/Level/Prefabs/CardOpinion 1.prefab
  artifactKey: Guid(0dc0ca28ceeee1442957a558e1040169) Importer(815301076,1909f56bfc062723c751e8b465ee728b)
Start importing Assets/Level/Prefabs/CardOpinion 1.prefab using Guid(0dc0ca28ceeee1442957a558e1040169) Importer(815301076,1909f56bfc062723c751e8b465ee728b)  -> (artifact id: '38988e18bbba9430863118d83aa7bdac') in 0.039980 seconds
Number of updated asset objects reloaded before import = 0
Number of asset objects unloaded after import = 30
========================================================================
Received Import Request.
  Time since last request: 23.915186 seconds.
  path: Assets/Level/Prefabs/CardIntrospection.prefab
  artifactKey: Guid(0dc0ca28ceeee1442957a558e1040169) Importer(815301076,1909f56bfc062723c751e8b465ee728b)
Start importing Assets/Level/Prefabs/CardIntrospection.prefab using Guid(0dc0ca28ceeee1442957a558e1040169) Importer(815301076,1909f56bfc062723c751e8b465ee728b)  -> (artifact id: 'aa462339afc8aab4753f5ea019ee8599') in 0.044051 seconds
Number of updated asset objects reloaded before import = 0
Number of asset objects unloaded after import = 30
========================================================================
Received Import Request.
  Time since last request: 15.639264 seconds.
  path: Assets/Level/Prefabs/CardIntrospection.prefab
  artifactKey: Guid(0dc0ca28ceeee1442957a558e1040169) Importer(815301076,1909f56bfc062723c751e8b465ee728b)
Start importing Assets/Level/Prefabs/CardIntrospection.prefab using Guid(0dc0ca28ceeee1442957a558e1040169) Importer(815301076,1909f56bfc062723c751e8b465ee728b)  -> (artifact id: 'acbbd352bc45ab71c3c43d4fb6c5f901') in 0.046617 seconds
Number of updated asset objects reloaded before import = 0
Number of asset objects unloaded after import = 30
========================================================================
Received Import Request.
  Time since last request: 26.726210 seconds.
  path: Assets/Level/Prefabs/CardIntrospection.prefab
  artifactKey: Guid(0dc0ca28ceeee1442957a558e1040169) Importer(815301076,1909f56bfc062723c751e8b465ee728b)
Start importing Assets/Level/Prefabs/CardIntrospection.prefab using Guid(0dc0ca28ceeee1442957a558e1040169) Importer(815301076,1909f56bfc062723c751e8b465ee728b)  -> (artifact id: 'b444219d64d1abae0edd8b871b479695') in 0.051039 seconds
Number of updated asset objects reloaded before import = 0
Number of asset objects unloaded after import = 30
========================================================================
Received Import Request.
  Time since last request: 74.533241 seconds.
  path: Assets/Level/Prefabs/CardShutUp 1.prefab
  artifactKey: Guid(4497b4ecd0bbd0d488ca68ed1f9ec792) Importer(815301076,1909f56bfc062723c751e8b465ee728b)
Start importing Assets/Level/Prefabs/CardShutUp 1.prefab using Guid(4497b4ecd0bbd0d488ca68ed1f9ec792) Importer(815301076,1909f56bfc062723c751e8b465ee728b)  -> (artifact id: '3d50c6260919d7f23e0711a4dcfe04dc') in 0.044982 seconds
Number of updated asset objects reloaded before import = 0
Number of asset objects unloaded after import = 30
========================================================================
Received Import Request.
  Time since last request: 36.268415 seconds.
  path: Assets/Level/Prefabs/CardAgree.prefab
  artifactKey: Guid(4497b4ecd0bbd0d488ca68ed1f9ec792) Importer(815301076,1909f56bfc062723c751e8b465ee728b)
Start importing Assets/Level/Prefabs/CardAgree.prefab using Guid(4497b4ecd0bbd0d488ca68ed1f9ec792) Importer(815301076,1909f56bfc062723c751e8b465ee728b)  -> (artifact id: '4d0842ea55f8b772405a418d6c209528') in 0.053542 seconds
Number of updated asset objects reloaded before import = 0
Number of asset objects unloaded after import = 30
========================================================================
Received Import Request.
  Time since last request: 17.094181 seconds.
  path: Assets/Level/Prefabs/CardAgree.prefab
  artifactKey: Guid(4497b4ecd0bbd0d488ca68ed1f9ec792) Importer(815301076,1909f56bfc062723c751e8b465ee728b)
Start importing Assets/Level/Prefabs/CardAgree.prefab using Guid(4497b4ecd0bbd0d488ca68ed1f9ec792) Importer(815301076,1909f56bfc062723c751e8b465ee728b)  -> (artifact id: 'b4c085594f4f8e91afd49e1e6c8f679b') in 0.047697 seconds
Number of updated asset objects reloaded before import = 0
Number of asset objects unloaded after import = 30
========================================================================
Received Import Request.
  Time since last request: 16.495231 seconds.
  path: Assets/Level/Prefabs/CardAgree.prefab
  artifactKey: Guid(4497b4ecd0bbd0d488ca68ed1f9ec792) Importer(815301076,1909f56bfc062723c751e8b465ee728b)
Start importing Assets/Level/Prefabs/CardAgree.prefab using Guid(4497b4ecd0bbd0d488ca68ed1f9ec792) Importer(815301076,1909f56bfc062723c751e8b465ee728b)  -> (artifact id: '3dddd052df1ac2a93a4b2c8084876155') in 0.052045 seconds
Number of updated asset objects reloaded before import = 0
Number of asset objects unloaded after import = 30
========================================================================
Received Import Request.
  Time since last request: 30.942368 seconds.
  path: Assets/Level/Prefabs/CardAgree 1.prefab
  artifactKey: Guid(cc5ba935fa11641448a2170d2ecc3fec) Importer(815301076,1909f56bfc062723c751e8b465ee728b)
Start importing Assets/Level/Prefabs/CardAgree 1.prefab using Guid(cc5ba935fa11641448a2170d2ecc3fec) Importer(815301076,1909f56bfc062723c751e8b465ee728b)  -> (artifact id: 'e97737e7bdbe366f8cd6af2daebac150') in 0.042607 seconds
Number of updated asset objects reloaded before import = 0
Number of asset objects unloaded after import = 30
========================================================================
Received Import Request.
  Time since last request: 7.571593 seconds.
  path: Assets/Level/Prefabs/CardAsk.prefab
  artifactKey: Guid(cc5ba935fa11641448a2170d2ecc3fec) Importer(815301076,1909f56bfc062723c751e8b465ee728b)
Start importing Assets/Level/Prefabs/CardAsk.prefab using Guid(cc5ba935fa11641448a2170d2ecc3fec) Importer(815301076,1909f56bfc062723c751e8b465ee728b)  -> (artifact id: '0688122d9521a6935da8371017a40183') in 0.041455 seconds
Number of updated asset objects reloaded before import = 0
Number of asset objects unloaded after import = 30
========================================================================
Received Import Request.
  Time since last request: 11.171306 seconds.
  path: Assets/Level/Prefabs/CardAsk.prefab
  artifactKey: Guid(cc5ba935fa11641448a2170d2ecc3fec) Importer(815301076,1909f56bfc062723c751e8b465ee728b)
Start importing Assets/Level/Prefabs/CardAsk.prefab using Guid(cc5ba935fa11641448a2170d2ecc3fec) Importer(815301076,1909f56bfc062723c751e8b465ee728b)  -> (artifact id: 'ca6e6e5dbd6c7de5816b8a39b92a90af') in 0.053805 seconds
Number of updated asset objects reloaded before import = 0
Number of asset objects unloaded after import = 30
========================================================================
Received Import Request.
  Time since last request: 13.670778 seconds.
  path: Assets/Level/Prefabs/CardAsk.prefab
  artifactKey: Guid(cc5ba935fa11641448a2170d2ecc3fec) Importer(815301076,1909f56bfc062723c751e8b465ee728b)
Start importing Assets/Level/Prefabs/CardAsk.prefab using Guid(cc5ba935fa11641448a2170d2ecc3fec) Importer(815301076,1909f56bfc062723c751e8b465ee728b)  -> (artifact id: 'f533f95bf0f6acf9bca302090e6c2b35') in 0.055779 seconds
Number of updated asset objects reloaded before import = 0
Number of asset objects unloaded after import = 30
========================================================================
Received Import Request.
  Time since last request: 35.101638 seconds.
  path: Assets/Level/Prefabs/CardAsk.prefab
  artifactKey: Guid(cc5ba935fa11641448a2170d2ecc3fec) Importer(815301076,1909f56bfc062723c751e8b465ee728b)
Start importing Assets/Level/Prefabs/CardAsk.prefab using Guid(cc5ba935fa11641448a2170d2ecc3fec) Importer(815301076,1909f56bfc062723c751e8b465ee728b)  -> (artifact id: 'f70a13c8211ef2bcfa1c1305e86c9cad') in 0.051211 seconds
Number of updated asset objects reloaded before import = 0
Number of asset objects unloaded after import = 30
========================================================================
Received Import Request.
  Time since last request: 10.867890 seconds.
  path: Assets/Level/Prefabs/CardAgree 1.prefab
  artifactKey: Guid(908020f66cf65b64b96a72c14271d56e) Importer(815301076,1909f56bfc062723c751e8b465ee728b)
Start importing Assets/Level/Prefabs/CardAgree 1.prefab using Guid(908020f66cf65b64b96a72c14271d56e) Importer(815301076,1909f56bfc062723c751e8b465ee728b)  -> (artifact id: '32b437c47b1bc4c7cece2df635c19946') in 0.044753 seconds
Number of updated asset objects reloaded before import = 0
Number of asset objects unloaded after import = 30
========================================================================
Received Import Request.
  Time since last request: 6.396578 seconds.
  path: Assets/Level/Prefabs/CardUnderstand.prefab
  artifactKey: Guid(908020f66cf65b64b96a72c14271d56e) Importer(815301076,1909f56bfc062723c751e8b465ee728b)
Start importing Assets/Level/Prefabs/CardUnderstand.prefab using Guid(908020f66cf65b64b96a72c14271d56e) Importer(815301076,1909f56bfc062723c751e8b465ee728b)  -> (artifact id: 'ba64fc91e00f44fcfcb3eaab75522b34') in 0.045803 seconds
Number of updated asset objects reloaded before import = 0
Number of asset objects unloaded after import = 30
========================================================================
Received Import Request.
  Time since last request: 6.082685 seconds.
  path: Assets/Level/Prefabs/CardUnderstand.prefab
  artifactKey: Guid(908020f66cf65b64b96a72c14271d56e) Importer(815301076,1909f56bfc062723c751e8b465ee728b)
Start importing Assets/Level/Prefabs/CardUnderstand.prefab using Guid(908020f66cf65b64b96a72c14271d56e) Importer(815301076,1909f56bfc062723c751e8b465ee728b)  -> (artifact id: '6cb3c2eadd80be326f22dc0d0bc84c0c') in 0.049278 seconds
Number of updated asset objects reloaded before import = 0
Number of asset objects unloaded after import = 30
========================================================================
Received Import Request.
  Time since last request: 17.402233 seconds.
  path: Assets/Level/Prefabs/CardUnderstand.prefab
  artifactKey: Guid(908020f66cf65b64b96a72c14271d56e) Importer(815301076,1909f56bfc062723c751e8b465ee728b)
Start importing Assets/Level/Prefabs/CardUnderstand.prefab using Guid(908020f66cf65b64b96a72c14271d56e) Importer(815301076,1909f56bfc062723c751e8b465ee728b)  -> (artifact id: 'f00e4d8cd2b3a10031c46007fdd0a585') in 0.053193 seconds
Number of updated asset objects reloaded before import = 0
Number of asset objects unloaded after import = 30
========================================================================
Received Import Request.
  Time since last request: 14.413269 seconds.
  path: Assets/Level/Scenes/SampleScene.unity
  artifactKey: Guid(f8f9ef2cb9af7e549a0fa6f8c8b5a699) Importer(815301076,1909f56bfc062723c751e8b465ee728b)
Start importing Assets/Level/Scenes/SampleScene.unity using Guid(f8f9ef2cb9af7e549a0fa6f8c8b5a699) Importer(815301076,1909f56bfc062723c751e8b465ee728b)  -> (artifact id: '3623773b9393c6d78ecf1aba27a6f118') in 0.003580 seconds
Number of updated asset objects reloaded before import = 0
Number of asset objects unloaded after import = 0
========================================================================
Received Import Request.
  Time since last request: 7.547584 seconds.
  path: Assets/Scripts/HealthBar.cs
  artifactKey: Guid(819d3026e7425b84aaf5d9f3b5bc63d8) Importer(815301076,1909f56bfc062723c751e8b465ee728b)
Start importing Assets/Scripts/HealthBar.cs using Guid(819d3026e7425b84aaf5d9f3b5bc63d8) Importer(815301076,1909f56bfc062723c751e8b465ee728b)  -> (artifact id: '5342fac84353b1b5fd4c1dc653764946') in 0.001898 seconds
Number of updated asset objects reloaded before import = 0
Number of asset objects unloaded after import = 0
